[INFO] Scanning for projects...
[INFO]                                                                         
[INFO] ------------------------------------------------------------------------
[INFO] Building farmhouse 0.0.1-SNAPSHOT
[INFO] ------------------------------------------------------------------------
[INFO] 
[INFO] >>> spring-boot-maven-plugin:1.4.3.RELEASE:run (default-cli) > test-compile @ farmhouse >>>
[INFO] 
[INFO] --- maven-resources-plugin:2.6:resources (default-resources) @ farmhouse ---
[INFO] Using 'UTF-8' encoding to copy filtered resources.
[INFO] Copying 1 resource
[INFO] Copying 85 resources
[INFO] 
[INFO] --- maven-compiler-plugin:3.1:compile (default-compile) @ farmhouse ---
[INFO] Nothing to compile - all classes are up to date
[INFO] 
[INFO] --- maven-resources-plugin:2.6:testResources (default-testResources) @ farmhouse ---
[INFO] Using 'UTF-8' encoding to copy filtered resources.
[INFO] skip non existing resourceDirectory /home/ubuntu/site/src/test/resources
[INFO] 
[INFO] --- maven-compiler-plugin:3.1:testCompile (default-testCompile) @ farmhouse ---
[INFO] No sources to compile
[INFO] 
[INFO] <<< spring-boot-maven-plugin:1.4.3.RELEASE:run (default-cli) < test-compile @ farmhouse <<<
[INFO] 
[INFO] --- spring-boot-maven-plugin:1.4.3.RELEASE:run (default-cli) @ farmhouse ---
[34m[04:57:55.025][m [31m:[m [32mDEBUG[m [36mFarmhouseApplication  [m [1;33m-[m Application Starting...
[34m[04:57:56.035][m [31m:[m [37mINFO [m [36mStartupInfoLogger     [m [1;33m-[m Starting FarmhouseApplication on ip-172-31-43-155 with PID 24785 (/home/ubuntu/site/target/classes started by ubuntu in /home/ubuntu/site)
[34m[04:57:56.036][m [31m:[m [32mDEBUG[m [36mStartupInfoLogger     [m [1;33m-[m Running with Spring Boot v1.4.3.RELEASE, Spring v4.3.5.RELEASE
[34m[04:57:56.036][m [31m:[m [37mINFO [m [36mSpringApplication     [m [1;33m-[m No active profile set, falling back to default profiles: default
Wed Dec 06 04:58:01 UTC 2017 WARN: Establishing SSL connection without server's identity verification is not recommended. According to MySQL 5.5.45+, 5.6.26+ and 5.7.6+ requirements SSL connection must be established by default if explicit option isn't set. For compliance with existing applications not using SSL the verifyServerCertificate property is set to 'false'. You need either to explicitly disable SSL by setting useSSL=false, or set useSSL=true and provide truststore for server certificate verification.
Wed Dec 06 04:58:02 UTC 2017 WARN: Establishing SSL connection without server's identity verification is not recommended. According to MySQL 5.5.45+, 5.6.26+ and 5.7.6+ requirements SSL connection must be established by default if explicit option isn't set. For compliance with existing applications not using SSL the verifyServerCertificate property is set to 'false'. You need either to explicitly disable SSL by setting useSSL=false, or set useSSL=true and provide truststore for server certificate verification.
Wed Dec 06 04:58:04 UTC 2017 WARN: Establishing SSL connection without server's identity verification is not recommended. According to MySQL 5.5.45+, 5.6.26+ and 5.7.6+ requirements SSL connection must be established by default if explicit option isn't set. For compliance with existing applications not using SSL the verifyServerCertificate property is set to 'false'. You need either to explicitly disable SSL by setting useSSL=false, or set useSSL=true and provide truststore for server certificate verification.
[34m[04:58:08.002][m [31m:[m [32mDEBUG[m [36mListeners             [m [1;33m-[m Application Startup Successful
[34m[04:58:08.003][m [31m:[m [37mINFO [m [36mStartupInfoLogger     [m [1;33m-[m Started FarmhouseApplication in 12.825 seconds (JVM running for 18.648)
[34m[04:58:16.916][m [31m:[m [32mDEBUG[m [36mPageController        [m [1;33m-[m --- Request for Login page
Wed Dec 06 08:22:13 UTC 2017 WARN: Establishing SSL connection without server's identity verification is not recommended. According to MySQL 5.5.45+, 5.6.26+ and 5.7.6+ requirements SSL connection must be established by default if explicit option isn't set. For compliance with existing applications not using SSL the verifyServerCertificate property is set to 'false'. You need either to explicitly disable SSL by setting useSSL=false, or set useSSL=true and provide truststore for server certificate verification.
[34m[08:22:13.484][m [31m:[m [32mDEBUG[m [36mHomePage              [m [1;33m-[m creating home page data model...
[34m[08:22:13.484][m [31m:[m [32mDEBUG[m [36mPageController        [m [1;33m-[m Serving home page...
Wed Dec 06 08:22:24 UTC 2017 WARN: Establishing SSL connection without server's identity verification is not recommended. According to MySQL 5.5.45+, 5.6.26+ and 5.7.6+ requirements SSL connection must be established by default if explicit option isn't set. For compliance with existing applications not using SSL the verifyServerCertificate property is set to 'false'. You need either to explicitly disable SSL by setting useSSL=false, or set useSSL=true and provide truststore for server certificate verification.
[34m[08:22:24.068][m [31m:[m [32mDEBUG[m [36mGalleryPage           [m [1;33m-[m creating gallery page data model...
[34m[08:22:24.068][m [31m:[m [32mDEBUG[m [36mPageController        [m [1;33m-[m Serving gallery page...
Wed Dec 06 08:22:39 UTC 2017 WARN: Establishing SSL connection without server's identity verification is not recommended. According to MySQL 5.5.45+, 5.6.26+ and 5.7.6+ requirements SSL connection must be established by default if explicit option isn't set. For compliance with existing applications not using SSL the verifyServerCertificate property is set to 'false'. You need either to explicitly disable SSL by setting useSSL=false, or set useSSL=true and provide truststore for server certificate verification.
[34m[08:22:39.561][m [31m:[m [32mDEBUG[m [36mPageController        [m [1;33m-[m Serving events page...
Wed Dec 06 08:22:48 UTC 2017 WARN: Establishing SSL connection without server's identity verification is not recommended. According to MySQL 5.5.45+, 5.6.26+ and 5.7.6+ requirements SSL connection must be established by default if explicit option isn't set. For compliance with existing applications not using SSL the verifyServerCertificate property is set to 'false'. You need either to explicitly disable SSL by setting useSSL=false, or set useSSL=true and provide truststore for server certificate verification.
[34m[08:22:48.609][m [31m:[m [32mDEBUG[m [36mPageController        [m [1;33m-[m Serving interior page...
Wed Dec 06 08:23:35 UTC 2017 WARN: Establishing SSL connection without server's identity verification is not recommended. According to MySQL 5.5.45+, 5.6.26+ and 5.7.6+ requirements SSL connection must be established by default if explicit option isn't set. For compliance with existing applications not using SSL the verifyServerCertificate property is set to 'false'. You need either to explicitly disable SSL by setting useSSL=false, or set useSSL=true and provide truststore for server certificate verification.
[34m[08:23:35.626][m [31m:[m [32mDEBUG[m [36mRegistryPage          [m [1;33m-[m creating registry page data model...
[34m[08:23:35.627][m [31m:[m [32mDEBUG[m [36mPageController        [m [1;33m-[m generating registry page
[34m[08:23:35.627][m [31m:[m [32mDEBUG[m [36mPageController        [m [1;33m-[m Serving registry page...
Wed Dec 06 08:23:45 UTC 2017 WARN: Establishing SSL connection without server's identity verification is not recommended. According to MySQL 5.5.45+, 5.6.26+ and 5.7.6+ requirements SSL connection must be established by default if explicit option isn't set. For compliance with existing applications not using SSL the verifyServerCertificate property is set to 'false'. You need either to explicitly disable SSL by setting useSSL=false, or set useSSL=true and provide truststore for server certificate verification.
[34m[08:23:45.301][m [31m:[m [32mDEBUG[m [36mAboutPage             [m [1;33m-[m creating about page data model...
[34m[08:23:45.302][m [31m:[m [32mDEBUG[m [36mPageController        [m [1;33m-[m Serving about page...
Wed Dec 06 08:24:27 UTC 2017 WARN: Establishing SSL connection without server's identity verification is not recommended. According to MySQL 5.5.45+, 5.6.26+ and 5.7.6+ requirements SSL connection must be established by default if explicit option isn't set. For compliance with existing applications not using SSL the verifyServerCertificate property is set to 'false'. You need either to explicitly disable SSL by setting useSSL=false, or set useSSL=true and provide truststore for server certificate verification.
[34m[08:24:27.712][m [31m:[m [32mDEBUG[m [36mRegistryPage          [m [1;33m-[m creating registry page data model...
[34m[08:24:27.713][m [31m:[m [32mDEBUG[m [36mPageController        [m [1;33m-[m generating registry page
[34m[08:24:27.713][m [31m:[m [32mDEBUG[m [36mPageController        [m [1;33m-[m Serving registry page...
Wed Dec 06 08:24:30 UTC 2017 WARN: Establishing SSL connection without server's identity verification is not recommended. According to MySQL 5.5.45+, 5.6.26+ and 5.7.6+ requirements SSL connection must be established by default if explicit option isn't set. For compliance with existing applications not using SSL the verifyServerCertificate property is set to 'false'. You need either to explicitly disable SSL by setting useSSL=false, or set useSSL=true and provide truststore for server certificate verification.
[34m[08:24:30.309][m [31m:[m [32mDEBUG[m [36mGalleryPage           [m [1;33m-[m creating gallery page data model...
[34m[08:24:30.310][m [31m:[m [32mDEBUG[m [36mPageController        [m [1;33m-[m Serving gallery page...
Wed Dec 06 08:24:56 UTC 2017 WARN: Establishing SSL connection without server's identity verification is not recommended. According to MySQL 5.5.45+, 5.6.26+ and 5.7.6+ requirements SSL connection must be established by default if explicit option isn't set. For compliance with existing applications not using SSL the verifyServerCertificate property is set to 'false'. You need either to explicitly disable SSL by setting useSSL=false, or set useSSL=true and provide truststore for server certificate verification.
[34m[08:24:56.187][m [31m:[m [32mDEBUG[m [36mGalleryPage           [m [1;33m-[m creating gallery page data model...
[34m[08:24:56.188][m [31m:[m [32mDEBUG[m [36mPageController        [m [1;33m-[m Serving gallery page...
Wed Dec 06 08:24:58 UTC 2017 WARN: Establishing SSL connection without server's identity verification is not recommended. According to MySQL 5.5.45+, 5.6.26+ and 5.7.6+ requirements SSL connection must be established by default if explicit option isn't set. For compliance with existing applications not using SSL the verifyServerCertificate property is set to 'false'. You need either to explicitly disable SSL by setting useSSL=false, or set useSSL=true and provide truststore for server certificate verification.
[34m[08:24:58.381][m [31m:[m [32mDEBUG[m [36mRegistryPage          [m [1;33m-[m creating registry page data model...
[34m[08:24:58.381][m [31m:[m [32mDEBUG[m [36mPageController        [m [1;33m-[m generating registry page
[34m[08:24:58.381][m [31m:[m [32mDEBUG[m [36mPageController        [m [1;33m-[m Serving registry page...
Wed Dec 06 08:25:01 UTC 2017 WARN: Establishing SSL connection without server's identity verification is not recommended. According to MySQL 5.5.45+, 5.6.26+ and 5.7.6+ requirements SSL connection must be established by default if explicit option isn't set. For compliance with existing applications not using SSL the verifyServerCertificate property is set to 'false'. You need either to explicitly disable SSL by setting useSSL=false, or set useSSL=true and provide truststore for server certificate verification.
[34m[08:25:01.434][m [31m:[m [32mDEBUG[m [36mPageController        [m [1;33m-[m Serving inspire page...
Wed Dec 06 08:25:04 UTC 2017 WARN: Establishing SSL connection without server's identity verification is not recommended. According to MySQL 5.5.45+, 5.6.26+ and 5.7.6+ requirements SSL connection must be established by default if explicit option isn't set. For compliance with existing applications not using SSL the verifyServerCertificate property is set to 'false'. You need either to explicitly disable SSL by setting useSSL=false, or set useSSL=true and provide truststore for server certificate verification.
[34m[08:25:04.656][m [31m:[m [32mDEBUG[m [36mPageController        [m [1;33m-[m Serving interior page...
Wed Dec 06 10:41:59 UTC 2017 WARN: Establishing SSL connection without server's identity verification is not recommended. According to MySQL 5.5.45+, 5.6.26+ and 5.7.6+ requirements SSL connection must be established by default if explicit option isn't set. For compliance with existing applications not using SSL the verifyServerCertificate property is set to 'false'. You need either to explicitly disable SSL by setting useSSL=false, or set useSSL=true and provide truststore for server certificate verification.
[34m[10:41:59.179][m [31m:[m [32mDEBUG[m [36mHomePage              [m [1;33m-[m creating home page data model...
[34m[10:41:59.180][m [31m:[m [32mDEBUG[m [36mPageController        [m [1;33m-[m Serving home page...
Wed Dec 06 10:42:11 UTC 2017 WARN: Establishing SSL connection without server's identity verification is not recommended. According to MySQL 5.5.45+, 5.6.26+ and 5.7.6+ requirements SSL connection must be established by default if explicit option isn't set. For compliance with existing applications not using SSL the verifyServerCertificate property is set to 'false'. You need either to explicitly disable SSL by setting useSSL=false, or set useSSL=true and provide truststore for server certificate verification.
[34m[10:42:11.363][m [31m:[m [32mDEBUG[m [36mAboutPage             [m [1;33m-[m creating about page data model...
[34m[10:42:11.363][m [31m:[m [32mDEBUG[m [36mPageController        [m [1;33m-[m Serving about page...
[34m[12:47:21.433][m [31m:[m [32mDEBUG[m [36mPageController        [m [1;33m-[m --- Request for Login page
[34m[16:38:19.563][m [31m:[m [32mDEBUG[m [36mPageController        [m [1;33m-[m --- Request for Login page
Wed Dec 06 20:04:30 UTC 2017 WARN: Establishing SSL connection without server's identity verification is not recommended. According to MySQL 5.5.45+, 5.6.26+ and 5.7.6+ requirements SSL connection must be established by default if explicit option isn't set. For compliance with existing applications not using SSL the verifyServerCertificate property is set to 'false'. You need either to explicitly disable SSL by setting useSSL=false, or set useSSL=true and provide truststore for server certificate verification.
[34m[20:04:30.731][m [31m:[m [32mDEBUG[m [36mAboutPage             [m [1;33m-[m creating about page data model...
[34m[20:04:30.732][m [31m:[m [32mDEBUG[m [36mPageController        [m [1;33m-[m Serving about page...
[34m[01:51:32.376][m [31m:[m [32mDEBUG[m [36mPageController        [m [1;33m-[m --- Request for Login page
[34m[03:51:31.281][m [31m:[m [32mDEBUG[m [36mPageController        [m [1;33m-[m --- Request for Login page
[34m[06:59:08.034][m [31m:[m [32mDEBUG[m [36mPageController        [m [1;33m-[m --- Request for Login page
[34m[20:59:21.794][m [31m:[m [32mDEBUG[m [36mPageController        [m [1;33m-[m --- Request for Login page
[34m[14:12:59.769][m [31m:[m [32mDEBUG[m [36mPageController        [m [1;33m-[m --- Request for Login page
[34m[12:03:39.483][m [31m:[m [32mDEBUG[m [36mPageController        [m [1;33m-[m --- Request for Login page
[34m[15:31:51.381][m [31m:[m [32mDEBUG[m [36mPageController        [m [1;33m-[m --- Request for Login page
[34m[20:11:04.627][m [31m:[m [32mDEBUG[m [36mPageController        [m [1;33m-[m --- Request for Login page
[34m[20:11:04.639][m [31m:[m [32mDEBUG[m [36mPageController        [m [1;33m-[m --- Request for Login page
[34m[20:11:10.207][m [31m:[m [32mDEBUG[m [36mPageController        [m [1;33m-[m --- Request for Login page
[34m[00:48:10.042][m [31m:[m [32mDEBUG[m [36mPageController        [m [1;33m-[m --- Request for Login page
[34m[05:29:30.139][m [31m:[m [32mDEBUG[m [36mPageController        [m [1;33m-[m --- Request for Login page
[34m[04:39:52.282][m [31m:[m [32mDEBUG[m [36mPageController        [m [1;33m-[m --- Request for Login page
Wed Dec 13 05:10:19 UTC 2017 WARN: Establishing SSL connection without server's identity verification is not recommended. According to MySQL 5.5.45+, 5.6.26+ and 5.7.6+ requirements SSL connection must be established by default if explicit option isn't set. For compliance with existing applications not using SSL the verifyServerCertificate property is set to 'false'. You need either to explicitly disable SSL by setting useSSL=false, or set useSSL=true and provide truststore for server certificate verification.
[34m[05:10:19.813][m [31m:[m [32mDEBUG[m [36mHomePage              [m [1;33m-[m creating home page data model...
[34m[05:10:19.813][m [31m:[m [32mDEBUG[m [36mPageController        [m [1;33m-[m Serving home page...
[34m[09:05:18.550][m [31m:[m [32mDEBUG[m [36mPageController        [m [1;33m-[m --- Request for Login page
[34m[15:23:38.348][m [31m:[m [32mDEBUG[m [36mPageController        [m [1;33m-[m --- Request for Login page
[34m[17:41:32.829][m [31m:[m [32mDEBUG[m [36mPageController        [m [1;33m-[m --- Request for Login page
[34m[02:22:42.333][m [31m:[m [32mDEBUG[m [36mPageController        [m [1;33m-[m --- Request for Login page
[34m[04:16:29.256][m [31m:[m [32mDEBUG[m [36mPageController        [m [1;33m-[m --- Request for Login page
[34m[21:34:34.211][m [31m:[m [32mDEBUG[m [36mPageController        [m [1;33m-[m --- Request for Login page
[34m[02:24:27.638][m [31m:[m [32mDEBUG[m [36mPageController        [m [1;33m-[m --- Request for Login page
[34m[21:11:04.637][m [31m:[m [32mDEBUG[m [36mPageController        [m [1;33m-[m --- Request for Login page
[34m[21:11:05.001][m [31m:[m [32mDEBUG[m [36mPageController        [m [1;33m-[m --- Request for Login page
[34m[21:11:05.330][m [31m:[m [32mDEBUG[m [36mPageController        [m [1;33m-[m --- Request for Login page
[34m[21:11:05.689][m [31m:[m [32mDEBUG[m [36mPageController        [m [1;33m-[m --- Request for Login page
[34m[21:11:06.030][m [31m:[m [32mDEBUG[m [36mPageController        [m [1;33m-[m --- Request for Login page
Sun Dec 17 00:39:28 UTC 2017 WARN: Establishing SSL connection without server's identity verification is not recommended. According to MySQL 5.5.45+, 5.6.26+ and 5.7.6+ requirements SSL connection must be established by default if explicit option isn't set. For compliance with existing applications not using SSL the verifyServerCertificate property is set to 'false'. You need either to explicitly disable SSL by setting useSSL=false, or set useSSL=true and provide truststore for server certificate verification.
[34m[00:39:28.174][m [31m:[m [32mDEBUG[m [36mHomePage              [m [1;33m-[m creating home page data model...
[34m[00:39:28.175][m [31m:[m [32mDEBUG[m [36mPageController        [m [1;33m-[m Serving home page...
[34m[05:37:02.596][m [31m:[m [32mDEBUG[m [36mPageController        [m [1;33m-[m --- Request for Login page
[34m[20:27:03.325][m [31m:[m [32mDEBUG[m [36mPageController        [m [1;33m-[m --- Request for Login page
[34m[11:14:09.652][m [31m:[m [32mDEBUG[m [36mPageController        [m [1;33m-[m --- Request for Login page
[34m[10:40:29.771][m [31m:[m [32mDEBUG[m [36mPageController        [m [1;33m-[m --- Request for Login page
[34m[03:10:06.779][m [31m:[m [32mDEBUG[m [36mPageController        [m [1;33m-[m --- Request for Login page
[34m[19:58:09.651][m [31m:[m [32mDEBUG[m [36mPageController        [m [1;33m-[m --- Request for Login page
[34m[22:44:42.828][m [31m:[m [32mDEBUG[m [36mPageController        [m [1;33m-[m --- Request for Login page
Thu Dec 21 04:17:03 UTC 2017 WARN: Establishing SSL connection without server's identity verification is not recommended. According to MySQL 5.5.45+, 5.6.26+ and 5.7.6+ requirements SSL connection must be established by default if explicit option isn't set. For compliance with existing applications not using SSL the verifyServerCertificate property is set to 'false'. You need either to explicitly disable SSL by setting useSSL=false, or set useSSL=true and provide truststore for server certificate verification.
[34m[04:17:03.391][m [31m:[m [32mDEBUG[m [36mHomePage              [m [1;33m-[m creating home page data model...
[34m[04:17:03.391][m [31m:[m [32mDEBUG[m [36mPageController        [m [1;33m-[m Serving home page...
Thu Dec 21 04:17:13 UTC 2017 WARN: Establishing SSL connection without server's identity verification is not recommended. According to MySQL 5.5.45+, 5.6.26+ and 5.7.6+ requirements SSL connection must be established by default if explicit option isn't set. For compliance with existing applications not using SSL the verifyServerCertificate property is set to 'false'. You need either to explicitly disable SSL by setting useSSL=false, or set useSSL=true and provide truststore for server certificate verification.
[34m[04:17:13.409][m [31m:[m [32mDEBUG[m [36mAboutPage             [m [1;33m-[m creating about page data model...
[34m[04:17:13.410][m [31m:[m [32mDEBUG[m [36mPageController        [m [1;33m-[m Serving about page...
Thu Dec 21 04:17:25 UTC 2017 WARN: Establishing SSL connection without server's identity verification is not recommended. According to MySQL 5.5.45+, 5.6.26+ and 5.7.6+ requirements SSL connection must be established by default if explicit option isn't set. For compliance with existing applications not using SSL the verifyServerCertificate property is set to 'false'. You need either to explicitly disable SSL by setting useSSL=false, or set useSSL=true and provide truststore for server certificate verification.
[34m[04:17:25.636][m [31m:[m [32mDEBUG[m [36mRegistryPage          [m [1;33m-[m creating registry page data model...
[34m[04:17:25.636][m [31m:[m [32mDEBUG[m [36mPageController        [m [1;33m-[m generating registry page
[34m[04:17:25.636][m [31m:[m [32mDEBUG[m [36mPageController        [m [1;33m-[m Serving registry page...
Thu Dec 21 04:17:33 UTC 2017 WARN: Establishing SSL connection without server's identity verification is not recommended. According to MySQL 5.5.45+, 5.6.26+ and 5.7.6+ requirements SSL connection must be established by default if explicit option isn't set. For compliance with existing applications not using SSL the verifyServerCertificate property is set to 'false'. You need either to explicitly disable SSL by setting useSSL=false, or set useSSL=true and provide truststore for server certificate verification.
[34m[04:17:33.650][m [31m:[m [32mDEBUG[m [36mPageController        [m [1;33m-[m Serving events page...
Thu Dec 21 04:17:41 UTC 2017 WARN: Establishing SSL connection without server's identity verification is not recommended. According to MySQL 5.5.45+, 5.6.26+ and 5.7.6+ requirements SSL connection must be established by default if explicit option isn't set. For compliance with existing applications not using SSL the verifyServerCertificate property is set to 'false'. You need either to explicitly disable SSL by setting useSSL=false, or set useSSL=true and provide truststore for server certificate verification.
[34m[04:17:41.228][m [31m:[m [32mDEBUG[m [36mPageController        [m [1;33m-[m Serving interior page...
Thu Dec 21 04:18:12 UTC 2017 WARN: Establishing SSL connection without server's identity verification is not recommended. According to MySQL 5.5.45+, 5.6.26+ and 5.7.6+ requirements SSL connection must be established by default if explicit option isn't set. For compliance with existing applications not using SSL the verifyServerCertificate property is set to 'false'. You need either to explicitly disable SSL by setting useSSL=false, or set useSSL=true and provide truststore for server certificate verification.
[34m[04:18:12.676][m [31m:[m [32mDEBUG[m [36mPageController        [m [1;33m-[m Serving inspire page...
[34m[04:32:27.035][m [31m:[m [32mDEBUG[m [36mPageController        [m [1;33m-[m --- Request for Login page
Thu Dec 21 05:56:32 UTC 2017 WARN: Establishing SSL connection without server's identity verification is not recommended. According to MySQL 5.5.45+, 5.6.26+ and 5.7.6+ requirements SSL connection must be established by default if explicit option isn't set. For compliance with existing applications not using SSL the verifyServerCertificate property is set to 'false'. You need either to explicitly disable SSL by setting useSSL=false, or set useSSL=true and provide truststore for server certificate verification.
[34m[05:56:32.646][m [31m:[m [32mDEBUG[m [36mHomePage              [m [1;33m-[m creating home page data model...
[34m[05:56:32.646][m [31m:[m [32mDEBUG[m [36mPageController        [m [1;33m-[m Serving home page...
Thu Dec 21 05:58:24 UTC 2017 WARN: Establishing SSL connection without server's identity verification is not recommended. According to MySQL 5.5.45+, 5.6.26+ and 5.7.6+ requirements SSL connection must be established by default if explicit option isn't set. For compliance with existing applications not using SSL the verifyServerCertificate property is set to 'false'. You need either to explicitly disable SSL by setting useSSL=false, or set useSSL=true and provide truststore for server certificate verification.
[34m[05:58:25.002][m [31m:[m [32mDEBUG[m [36mAboutPage             [m [1;33m-[m creating about page data model...
[34m[05:58:25.003][m [31m:[m [32mDEBUG[m [36mPageController        [m [1;33m-[m Serving about page...
Thu Dec 21 05:58:29 UTC 2017 WARN: Establishing SSL connection without server's identity verification is not recommended. According to MySQL 5.5.45+, 5.6.26+ and 5.7.6+ requirements SSL connection must be established by default if explicit option isn't set. For compliance with existing applications not using SSL the verifyServerCertificate property is set to 'false'. You need either to explicitly disable SSL by setting useSSL=false, or set useSSL=true and provide truststore for server certificate verification.
[34m[05:58:29.342][m [31m:[m [32mDEBUG[m [36mRegistryPage          [m [1;33m-[m creating registry page data model...
[34m[05:58:29.343][m [31m:[m [32mDEBUG[m [36mPageController        [m [1;33m-[m generating registry page
[34m[05:58:29.343][m [31m:[m [32mDEBUG[m [36mPageController        [m [1;33m-[m Serving registry page...
Thu Dec 21 05:58:50 UTC 2017 WARN: Establishing SSL connection without server's identity verification is not recommended. According to MySQL 5.5.45+, 5.6.26+ and 5.7.6+ requirements SSL connection must be established by default if explicit option isn't set. For compliance with existing applications not using SSL the verifyServerCertificate property is set to 'false'. You need either to explicitly disable SSL by setting useSSL=false, or set useSSL=true and provide truststore for server certificate verification.
[34m[05:58:50.601][m [31m:[m [32mDEBUG[m [36mHomePage              [m [1;33m-[m creating home page data model...
[34m[05:58:50.602][m [31m:[m [32mDEBUG[m [36mPageController        [m [1;33m-[m Serving home page...
